#
# There is insufficient memory for the Java Runtime Environment to continue.
# Native memory allocation (mmap) failed to map 266338304 bytes for Failed to commit area from 0x0000000702800000 to 0x0000000712600000 of length 266338304.
# Possible reasons:
#   The system is out of physical RAM or swap space
#   The process is running with CompressedOops enabled, and the Java Heap may be blocking the growth of the native heap
# Possible solutions:
#   Reduce memory load on the system
#   Increase physical memory or swap space
#   Check if swap backing store is full
#   Decrease Java heap size (-Xmx/-Xms)
#   Decrease number of Java threads
#   Decrease Java thread stack sizes (-Xss)
#   Set larger code cache with -XX:ReservedCodeCacheSize=
# This output file may be truncated or incomplete.
#
#  Out of Memory Error (./src/hotspot/os/windows/os_windows.cpp:3301), pid=24408, tid=18092
#
# JRE version:  (11.0.11+9) (build )
# Java VM: OpenJDK 64-Bit Server VM (11.0.11+9-b60-7590822, mixed mode, sharing, tiered, compressed oops, g1 gc, windows-amd64)
# No core dump will be written. Minidumps are not enabled by default on client versions of Windows
#

---------------  S U M M A R Y ------------

Command Line: org.jetbrains.git4idea.http.GitAskPassApp Username for 'https://github.com': 

Host: Intel(R) Core(TM) i7-10510U CPU @ 1.80GHz, 8 cores, 15G,  Windows 10 , 64 bit Build 22000 (10.0.22000.434)
Time: Sun Feb  6 04:50:39 2022 Pakistan Standard Time elapsed time: 0.314765 seconds (0d 0h 0m 0s)

---------------  T H R E A D  ---------------

Current thread (0x0000021b654fd800):  JavaThread "Unknown thread" [_thread_in_vm, id=18092, stack(0x0000005798400000,0x0000005798500000)]

Stack: [0x0000005798400000,0x0000005798500000]
Native frames: (J=compiled Java code, j=interpreted, Vv=VM code, C=native code)
V  [jvm.dll+0x5f214a]
V  [jvm.dll+0x726fb5]
V  [jvm.dll+0x7285cd]
V  [jvm.dll+0x728c83]
V  [jvm.dll+0x243278]
V  [jvm.dll+0x5ef544]
V  [jvm.dll+0x5e4495]
V  [jvm.dll+0x2fec5b]
V  [jvm.dll+0x2febca]
V  [jvm.dll+0x2feaa2]
V  [jvm.dll+0x303986]
V  [jvm.dll+0x34c3a3]
V  [jvm.dll+0x34caa6]
V  [jvm.dll+0x34c4a3]
V  [jvm.dll+0x2d9688]
V  [jvm.dll+0x2da837]
V  [jvm.dll+0x705ba7]
V  [jvm.dll+0x70739c]
V  [jvm.dll+0x3598f9]
V  [jvm.dll+0x6e931e]
V  [jvm.dll+0x3c1c43]
V  [jvm.dll+0x3c3e81]
C  [jli.dll+0x5373]
C  [ucrtbase.dll+0x26c0c]
C  [KERNEL32.DLL+0x154e0]
C  [ntdll.dll+0x485b]


---------------  P R O C E S S  ---------------

Threads class SMR info:
_java_thread_list=0x0000021b65271ba0, length=0, elements={
}

Java Threads: ( => current thread )

Other Threads:
  0x0000021b65516000 GCTaskThread "GC Thread#0" [stack: 0x0000005798500000,0x0000005798600000] [id=24056]
  0x0000021b65575800 ConcurrentGCThread "G1 Main Marker" [stack: 0x0000005798600000,0x0000005798700000] [id=22812]
  0x0000021b65577800 ConcurrentGCThread "G1 Conc#0" [stack: 0x0000005798700000,0x0000005798800000] [id=21536]

[error occurred during error reporting (printing all threads), id 0xc0000005, EXCEPTION_ACCESS_VIOLATION (0xc0000005) at pc=0x00007ffe57b39c47]

VM state:not at safepoint (not fully initialized)

VM Mutex/Monitor currently owned by a thread:  ([mutex/lock_event])
[0x0000021b654f9720] Heap_lock - owner thread: 0x0000021b654fd800

Heap address: 0x0000000702800000, size: 4056 MB, Compressed Oops mode: Non-zero based: 0x0000000702800000
Narrow klass base: 0x0000000000000000, Narrow klass shift: 0

GC Heap History (0 events):
No events

Deoptimization events (0 events):
No events

Classes redefined (0 events):
No events

Internal exceptions (0 events):
No events

Events (1 events):
Event: 0.005 Loaded shared library C:\Program Files\Android\Android Studio\jre\bin\zip.dll


Dynamic libraries:
0x00007ff660e70000 - 0x00007ff660e7a000 	C:\Program Files\Android\Android Studio\jre\bin\java.exe
0x00007ffede2e0000 - 0x00007ffede4e7000 	C:\WINDOWS\SYSTEM32\ntdll.dll
0x00007ffedd580000 - 0x00007ffedd63d000 	C:\WINDOWS\System32\KERNEL32.DLL
0x00007ffedb7a0000 - 0x00007ffedbb14000 	C:\WINDOWS\System32\KERNELBASE.dll
0x00007ffedbc90000 - 0x00007ffedbda1000 	C:\WINDOWS\System32\ucrtbase.dll
0x00007ffebf240000 - 0x00007ffebf259000 	C:\Program Files\Android\Android Studio\jre\bin\jli.dll
0x00007ffedcdb0000 - 0x00007ffedcf5c000 	C:\WINDOWS\System32\USER32.dll
0x00007ffec00c0000 - 0x00007ffec0365000 	C:\WINDOWS\WinSxS\amd64_microsoft.windows.common-controls_6595b64144ccf1df_6.0.22000.120_none_9d947278b86cc467\COMCTL32.dll
0x00007ffedbec0000 - 0x00007ffedbee6000 	C:\WINDOWS\System32\win32u.dll
0x00007ffea1420000 - 0x00007ffea1437000 	C:\Program Files\Android\Android Studio\jre\bin\VCRUNTIME140.dll
0x00007ffeddf80000 - 0x00007ffede023000 	C:\WINDOWS\System32\msvcrt.dll
0x00007ffedd230000 - 0x00007ffedd259000 	C:\WINDOWS\System32\GDI32.dll
0x00007ffedbef0000 - 0x00007ffedc002000 	C:\WINDOWS\System32\gdi32full.dll
0x00007ffedbe20000 - 0x00007ffedbebd000 	C:\WINDOWS\System32\msvcp_win.dll
0x00007ffedcb00000 - 0x00007ffedcb31000 	C:\WINDOWS\System32\IMM32.DLL
0x00007ffe9b3b0000 - 0x00007ffe9b44d000 	C:\Program Files\Android\Android Studio\jre\bin\msvcp140.dll
0x00007ffe57850000 - 0x00007ffe58325000 	C:\Program Files\Android\Android Studio\jre\bin\server\jvm.dll
0x00007ffedcd00000 - 0x00007ffedcdae000 	C:\WINDOWS\System32\ADVAPI32.dll
0x00007ffedcb70000 - 0x00007ffedcc0e000 	C:\WINDOWS\System32\sechost.dll
0x00007ffedcf60000 - 0x00007ffedd080000 	C:\WINDOWS\System32\RPCRT4.dll
0x00007ffedd260000 - 0x00007ffedd268000 	C:\WINDOWS\System32\PSAPI.DLL
0x00007ffed7b70000 - 0x00007ffed7b79000 	C:\WINDOWS\SYSTEM32\WSOCK32.dll
0x00007ffed62d0000 - 0x00007ffed6303000 	C:\WINDOWS\SYSTEM32\WINMM.dll
0x00007ffed4ca0000 - 0x00007ffed4caa000 	C:\WINDOWS\SYSTEM32\VERSION.dll
0x00007ffedc1c0000 - 0x00007ffedc22f000 	C:\WINDOWS\System32\WS2_32.dll
0x00007ffeda990000 - 0x00007ffeda9a8000 	C:\WINDOWS\SYSTEM32\kernel.appcore.dll
0x00007ffec4920000 - 0x00007ffec4931000 	C:\Program Files\Android\Android Studio\jre\bin\verify.dll
0x00007ffed9330000 - 0x00007ffed9551000 	C:\WINDOWS\SYSTEM32\DBGHELP.DLL
0x00007ffeb6270000 - 0x00007ffeb62a1000 	C:\WINDOWS\SYSTEM32\dbgcore.DLL
0x00007ffedc0d0000 - 0x00007ffedc14f000 	C:\WINDOWS\System32\bcryptPrimitives.dll
0x00007ffec20f0000 - 0x00007ffec2119000 	C:\Program Files\Android\Android Studio\jre\bin\java.dll
0x00007ffed61c0000 - 0x00007ffed61cb000 	C:\Program Files\Android\Android Studio\jre\bin\jimage.dll
0x00007ffec20d0000 - 0x00007ffec20e8000 	C:\Program Files\Android\Android Studio\jre\bin\zip.dll

dbghelp: loaded successfully - version: 4.0.5 - missing functions: none
symbol engine: initialized successfully - sym options: 0x614 - pdb path: .;C:\Program Files\Android\Android Studio\jre\bin;C:\WINDOWS\SYSTEM32;C:\WINDOWS\WinSxS\amd64_microsoft.windows.common-controls_6595b64144ccf1df_6.0.22000.120_none_9d947278b86cc467;C:\Program Files\Android\Android Studio\jre\bin\server

VM Arguments:
java_command: org.jetbrains.git4idea.http.GitAskPassApp Username for 'https://github.com': 
java_class_path (initial): C:/Program Files/Android/Android Studio/plugins/git4idea/lib/git4idea-rt.jar;C:/Program Files/Android/Android Studio/lib/xmlrpc-2.0.1.jar;C:/Program Files/Android/Android Studio/lib/commons-codec-1.15.jar
Launcher Type: SUN_STANDARD

[Global flags]
     intx CICompilerCount                          = 4                                         {product} {ergonomic}
     uint ConcGCThreads                            = 2                                         {product} {ergonomic}
     uint G1ConcRefinementThreads                  = 8                                         {product} {ergonomic}
   size_t G1HeapRegionSize                         = 1048576                                   {product} {ergonomic}
    uintx GCDrainStackTargetSize                   = 64                                        {product} {ergonomic}
   size_t InitialHeapSize                          = 266338304                                 {product} {ergonomic}
   size_t MarkStackSize                            = 4194304                                   {product} {ergonomic}
   size_t MaxHeapSize                              = 4253024256                                {product} {ergonomic}
   size_t MinHeapDeltaBytes                        = 1048576                                   {product} {ergonomic}
    uintx NonNMethodCodeHeapSize                   = 5836300                                {pd product} {ergonomic}
    uintx NonProfiledCodeHeapSize                  = 122910970                              {pd product} {ergonomic}
    uintx ProfiledCodeHeapSize                     = 122910970                              {pd product} {ergonomic}
    uintx ReservedCodeCacheSize                    = 251658240                              {pd product} {ergonomic}
     bool SegmentedCodeCache                       = true                                      {product} {ergonomic}
     bool UseCompressedClassPointers               = true                                 {lp64_product} {ergonomic}
     bool UseCompressedOops                        = true                                 {lp64_product} {ergonomic}
     bool UseG1GC                                  = true                                      {product} {ergonomic}
     bool UseLargePagesIndividualAllocation        = false                                  {pd product} {ergonomic}

Logging:
Log output configuration:
 #0: stdout all=warning uptime,level,tags
 #1: stderr all=off uptime,level,tags

Environment Variables:
PATH=C:\Program Files\Git\mingw64\libexec\git-core;C:\Program Files\Git\mingw64\libexec\git-core;C:\Program Files\Git\mingw64\bin;C:\Program Files\Git\usr\bin;C:\Users\ENT20111265\bin;C:\Program Files (x86)\Common Files\Oracle\Java\javapath;C:\WINDOWS\system32;C:\WINDOWS;C:\WINDOWS\System32\Wbem;C:\WINDOWS\System32\WindowsPowerShell\v1.0;C:\WINDOWS\System32\OpenSSH;C:\Program Files (x86)\Kaspersky Lab\Endpoint Agent;C:\Program Files\Git\cmd;C:\metasploit-framework\bin;C:\Users\ENT20111265\AppData\Local\Microsoft\WindowsApps
USERNAME=ENT20111265
DISPLAY=:0.0
LC_ALL=en_US.UTF-8
OS=Windows_NT
PROCESSOR_IDENTIFIER=Intel64 Family 6 Model 142 Stepping 12, GenuineIntel



---------------  S Y S T E M  ---------------

OS: Windows 10 , 64 bit Build 22000 (10.0.22000.434)
OS uptime: 0 days 13:42 hours

CPU:total 8 (initial active 8) (4 cores per cpu, 2 threads per core) family 6 model 142 stepping 12 microcode 0xea, cmov, cx8, fxsr, mmx, sse, sse2, sse3, ssse3, sse4.1, sse4.2, popcnt, avx, avx2, aes, clmul, erms, 3dnowpref, lzcnt, ht, tsc, tscinvbit, bmi1, bmi2, adx, fma

Memory: 4k page, system-wide physical 16221M (2220M free)
TotalPageFile size 40944M (AvailPageFile size 169M)
current process WorkingSet (physical memory assigned to process): 10M, peak: 10M
current process commit charge ("private bytes"): 60M, peak: 314M

vm_info: OpenJDK 64-Bit Server VM (11.0.11+9-b60-7590822) for windows-amd64 JRE (11.0.11+9-b60-7590822), built on Jul 29 2021 21:43:44 by "builder" with MS VC++ 14.0 (VS2015)

END.
